<?xml version="1.0" encoding="UTF-8"?>
<!-- Generated by org.testng.reporters.JUnitReportReporter -->
<testsuite hostname="maly-10" failures="0" tests="1" name="SampleTest" time="22.366" errors="0" timestamp="2021-04-24T12:28:16 EET" skipped="0">
  <testcase classname="SampleTest" name="test1" time="22.366"/>
  <system-out/>
</testsuite> <!-- SampleTest -->
